# JRE version: Java(TM) SE Runtime Environment (8.0_321-b07) (build 1.8.0_321-b07)
# Java VM: Java HotSpot(TM) 64-Bit Server VM (25.321-b07 mixed mode windows-amd64 compressed oops)
Heap:
 PSYoungGen      total 75776K, used 14545K [0x000000076b580000, 0x0000000770a00000, 0x00000007c0000000)
  eden space 65024K, 10% used [0x000000076b580000,0x000000076bbe5408,0x000000076f500000)
  from space 10752K, 74% used [0x000000076f500000,0x000000076fccf088,0x000000076ff80000)
  to   space 10752K, 0% used [0x000000076ff80000,0x000000076ff80000,0x0000000770a00000)
 ParOldGen       total 87040K, used 22155K [0x00000006c2000000, 0x00000006c7500000, 0x000000076b580000)
  object space 87040K, 25% used [0x00000006c2000000,0x00000006c35a2c98,0x00000006c7500000)
 Metaspace       used 26351K, capacity 26698K, committed 27264K, reserved 1073152K
  class space    used 3230K, capacity 3334K, committed 3456K, reserved 1048576K
GC Heap History (8 events):
Event: 11.397 GC heap before
{Heap before GC invocations=1 (full 0):
 PSYoungGen      total 75776K, used 65024K [0x000000076b580000, 0x0000000770a00000, 0x00000007c0000000)
  eden space 65024K, 100% used [0x000000076b580000,0x000000076f500000,0x000000076f500000)
  from space 10752K, 0% used [0x000000076ff80000,0x000000076ff80000,0x0000000770a00000)
  to   space 10752K, 0% used [0x000000076f500000,0x000000076f500000,0x000000076ff80000)
 ParOldGen       total 173568K, used 0K [0x00000006c2000000, 0x00000006cc980000, 0x000000076b580000)
  object space 173568K, 0% used [0x00000006c2000000,0x00000006c2000000,0x00000006cc980000)
 Metaspace       used 19501K, capacity 19854K, committed 20224K, reserved 1067008K
  class space    used 2364K, capacity 2455K, committed 2560K, reserved 1048576K
Event: 11.402 GC heap after
Heap after GC invocations=1 (full 0):
 PSYoungGen      total 75776K, used 10720K [0x000000076b580000, 0x0000000770a00000, 0x00000007c0000000)
  eden space 65024K, 0% used [0x000000076b580000,0x000000076b580000,0x000000076f500000)
  from space 10752K, 99% used [0x000000076f500000,0x000000076ff781b0,0x000000076ff80000)
  to   space 10752K, 0% used [0x000000076ff80000,0x000000076ff80000,0x0000000770a00000)
 ParOldGen       total 173568K, used 8422K [0x00000006c2000000, 0x00000006cc980000, 0x000000076b580000)
  object space 173568K, 4% used [0x00000006c2000000,0x00000006c2839b30,0x00000006cc980000)
 Metaspace       used 19501K, capacity 19854K, committed 20224K, reserved 1067008K
  class space    used 2364K, capacity 2455K, committed 2560K, reserved 1048576K
}
Event: 12.072 GC heap before
{Heap before GC invocations=2 (full 0):
 PSYoungGen      total 75776K, used 24123K [0x000000076b580000, 0x0000000770a00000, 0x00000007c0000000)
  eden space 65024K, 20% used [0x000000076b580000,0x000000076c296c40,0x000000076f500000)
  from space 10752K, 99% used [0x000000076f500000,0x000000076ff781b0,0x000000076ff80000)
  to   space 10752K, 0% used [0x000000076ff80000,0x000000076ff80000,0x0000000770a00000)
 ParOldGen       total 173568K, used 8422K [0x00000006c2000000, 0x00000006cc980000, 0x000000076b580000)
  object space 173568K, 4% used [0x00000006c2000000,0x00000006c2839b30,0x00000006cc980000)
 Metaspace       used 20702K, capacity 20994K, committed 21296K, reserved 1069056K
  class space    used 2495K, capacity 2620K, committed 2688K, reserved 1048576K
Event: 12.076 GC heap after
Heap after GC invocations=2 (full 0):
 PSYoungGen      total 75776K, used 10738K [0x000000076b580000, 0x0000000770a00000, 0x00000007c0000000)
  eden space 65024K, 0% used [0x000000076b580000,0x000000076b580000,0x000000076f500000)
  from space 10752K, 99% used [0x000000076ff80000,0x00000007709fc950,0x0000000770a00000)
  to   space 10752K, 0% used [0x000000076f500000,0x000000076f500000,0x000000076ff80000)
 ParOldGen       total 173568K, used 10133K [0x00000006c2000000, 0x00000006cc980000, 0x000000076b580000)
  object space 173568K, 5% used [0x00000006c2000000,0x00000006c29e5640,0x00000006cc980000)
 Metaspace       used 20702K, capacity 20994K, committed 21296K, reserved 1069056K
  class space    used 2495K, capacity 2620K, committed 2688K, reserved 1048576K
}
Event: 12.076 GC heap before
{Heap before GC invocations=3 (full 1):
 PSYoungGen      total 75776K, used 10738K [0x000000076b580000, 0x0000000770a00000, 0x00000007c0000000)
  eden space 65024K, 0% used [0x000000076b580000,0x000000076b580000,0x000000076f500000)
  from space 10752K, 99% used [0x000000076ff80000,0x00000007709fc950,0x0000000770a00000)
  to   space 10752K, 0% used [0x000000076f500000,0x000000076f500000,0x000000076ff80000)
 ParOldGen       total 173568K, used 10133K [0x00000006c2000000, 0x00000006cc980000, 0x000000076b580000)
  object space 173568K, 5% used [0x00000006c2000000,0x00000006c29e5640,0x00000006cc980000)
 Metaspace       used 20702K, capacity 20994K, committed 21296K, reserved 1069056K
  class space    used 2495K, capacity 2620K, committed 2688K, reserved 1048576K
Event: 12.095 GC heap after
Heap after GC invocations=3 (full 1):
 PSYoungGen      total 75776K, used 0K [0x000000076b580000, 0x0000000770a00000, 0x00000007c0000000)
  eden space 65024K, 0% used [0x000000076b580000,0x000000076b580000,0x000000076f500000)
  from space 10752K, 0% used [0x000000076ff80000,0x000000076ff80000,0x0000000770a00000)
  to   space 10752K, 0% used [0x000000076f500000,0x000000076f500000,0x000000076ff80000)
 ParOldGen       total 87040K, used 11779K [0x00000006c2000000, 0x00000006c7500000, 0x000000076b580000)
  object space 87040K, 13% used [0x00000006c2000000,0x00000006c2b80c78,0x00000006c7500000)
 Metaspace       used 20702K, capacity 20994K, committed 21296K, reserved 1069056K
  class space    used 2495K, capacity 2620K, committed 2688K, reserved 1048576K
}
Event: 31.155 GC heap before
{Heap before GC invocations=4 (full 1):
 PSYoungGen      total 75776K, used 64942K [0x000000076b580000, 0x0000000770a00000, 0x00000007c0000000)
  eden space 65024K, 99% used [0x000000076b580000,0x000000076f4ebb28,0x000000076f500000)
  from space 10752K, 0% used [0x000000076ff80000,0x000000076ff80000,0x0000000770a00000)
  to   space 10752K, 0% used [0x000000076f500000,0x000000076f500000,0x000000076ff80000)
 ParOldGen       total 87040K, used 11779K [0x00000006c2000000, 0x00000006c7500000, 0x000000076b580000)
  object space 87040K, 13% used [0x00000006c2000000,0x00000006c2b80c78,0x00000006c7500000)
 Metaspace       used 25712K, capacity 26010K, committed 26368K, reserved 1073152K
  class space    used 3145K, capacity 3234K, committed 3328K, reserved 1048576K
Event: 31.160 GC heap after
Heap after GC invocations=4 (full 1):
 PSYoungGen      total 75776K, used 7996K [0x000000076b580000, 0x0000000770a00000, 0x00000007c0000000)
  eden space 65024K, 0% used [0x000000076b580000,0x000000076b580000,0x000000076f500000)
  from space 10752K, 74% used [0x000000076f500000,0x000000076fccf088,0x000000076ff80000)
  to   space 10752K, 0% used [0x000000076ff80000,0x000000076ff80000,0x0000000770a00000)
 ParOldGen       total 87040K, used 22155K [0x00000006c2000000, 0x00000006c7500000, 0x000000076b580000)
  object space 87040K, 25% used [0x00000006c2000000,0x00000006c35a2c98,0x00000006c7500000)
 Metaspace       used 25712K, capacity 26010K, committed 26368K, reserved 1073152K
  class space    used 3145K, capacity 3234K, committed 3328K, reserved 1048576K
}

